<?xml version="1.0" encoding="UTF-8"?>
<robot generator="Robot 5.0.1 (Python 3.10.4 on win32)" generated="20220522 16:41:00.790" rpa="false" schemaversion="3">
<suite id="s1" name="Registration Test" source="C:\Users\Marcin\PycharmProjects\automationpractice_robot\registration_test.robot">
<test id="s1-t1" name="Test Registration" line="39">
<kw name="Open shop main page">
<kw name="Open Browser">
<arg>${shopurl}</arg>
<arg>${browser}</arg>
<msg timestamp="20220522 16:41:00.806" level="FAIL">No keyword with name 'Open Browser' found.</msg>
<status status="FAIL" starttime="20220522 16:41:00.806" endtime="20220522 16:41:00.806"/>
</kw>
<status status="FAIL" starttime="20220522 16:41:00.806" endtime="20220522 16:41:00.806"/>
</kw>
<kw name="Sign in page">
<status status="NOT RUN" starttime="20220522 16:41:00.806" endtime="20220522 16:41:00.806"/>
</kw>
<kw name="Enter a new email address">
<status status="NOT RUN" starttime="20220522 16:41:00.806" endtime="20220522 16:41:00.806"/>
</kw>
<kw name="Enter your personal information">
<status status="NOT RUN" starttime="20220522 16:41:00.806" endtime="20220522 16:41:00.806"/>
</kw>
<kw name="Enter address information">
<status status="NOT RUN" starttime="20220522 16:41:00.806" endtime="20220522 16:41:00.806"/>
</kw>
<kw name="Enter mobile phone">
<status status="NOT RUN" starttime="20220522 16:41:00.806" endtime="20220522 16:41:00.806"/>
</kw>
<kw name="Submit registration form">
<status status="NOT RUN" starttime="20220522 16:41:00.806" endtime="20220522 16:41:00.806"/>
</kw>
<tag>New user registration</tag>
<status status="FAIL" starttime="20220522 16:41:00.806" endtime="20220522 16:41:00.806">No keyword with name 'Open Browser' found.</status>
</test>
<test id="s1-t2" name="User login with an invalid email" line="48">
<kw name="Open shop main page 2">
<kw name="Open Browser">
<arg>${shopurl}</arg>
<arg>${browser}</arg>
<msg timestamp="20220522 16:41:00.806" level="FAIL">No keyword with name 'Open Browser' found.</msg>
<status status="FAIL" starttime="20220522 16:41:00.806" endtime="20220522 16:41:00.806"/>
</kw>
<status status="FAIL" starttime="20220522 16:41:00.806" endtime="20220522 16:41:00.821"/>
</kw>
<kw name="Sign in page 2">
<status status="NOT RUN" starttime="20220522 16:41:00.821" endtime="20220522 16:41:00.821"/>
</kw>
<kw name="Enter invalid email">
<status status="NOT RUN" starttime="20220522 16:41:00.821" endtime="20220522 16:41:00.821"/>
</kw>
<kw name="Enter valid password">
<status status="NOT RUN" starttime="20220522 16:41:00.821" endtime="20220522 16:41:00.821"/>
</kw>
<kw name="Submit login data 2">
<status status="NOT RUN" starttime="20220522 16:41:00.821" endtime="20220522 16:41:00.821"/>
</kw>
<tag>Invalid email login</tag>
<status status="FAIL" starttime="20220522 16:41:00.806" endtime="20220522 16:41:00.821">No keyword with name 'Open Browser' found.</status>
</test>
<test id="s1-t3" name="User login with an invalid email" line="55">
<kw name="Open shop main page 3">
<kw name="Open Browser">
<arg>${shopurl}</arg>
<arg>${browser}</arg>
<msg timestamp="20220522 16:41:00.826" level="FAIL">No keyword with name 'Open Browser' found.</msg>
<status status="FAIL" starttime="20220522 16:41:00.826" endtime="20220522 16:41:00.826"/>
</kw>
<status status="FAIL" starttime="20220522 16:41:00.821" endtime="20220522 16:41:00.826"/>
</kw>
<kw name="Sign in page 3">
<status status="NOT RUN" starttime="20220522 16:41:00.826" endtime="20220522 16:41:00.826"/>
</kw>
<kw name="Enter valid email">
<status status="NOT RUN" starttime="20220522 16:41:00.826" endtime="20220522 16:41:00.826"/>
</kw>
<kw name="Enter invalid password">
<status status="NOT RUN" starttime="20220522 16:41:00.826" endtime="20220522 16:41:00.826"/>
</kw>
<kw name="Submit login data 3">
<status status="NOT RUN" starttime="20220522 16:41:00.826" endtime="20220522 16:41:00.826"/>
</kw>
<tag>Invalid password login</tag>
<status status="FAIL" starttime="20220522 16:41:00.821" endtime="20220522 16:41:00.826">No keyword with name 'Open Browser' found.</status>
</test>
<doc>Suite description</doc>
<status status="FAIL" starttime="20220522 16:41:00.790" endtime="20220522 16:41:00.826"/>
</suite>
<statistics>
<total>
<stat pass="0" fail="3" skip="0">All Tests</stat>
</total>
<tag>
<stat pass="0" fail="1" skip="0">Invalid email login</stat>
<stat pass="0" fail="1" skip="0">Invalid password login</stat>
<stat pass="0" fail="1" skip="0">New user registration</stat>
</tag>
<suite>
<stat pass="0" fail="3" skip="0" id="s1" name="Registration Test">Registration Test</stat>
</suite>
</statistics>
<errors>
<msg timestamp="20220522 16:41:00.806" level="ERROR">Error in file 'C:\Users\Marcin\PycharmProjects\automationpractice_robot\registration_test.robot' on line 3: Importing library 'SeleniumLibrary' failed: ModuleNotFoundError: No module named 'SeleniumLibrary'
Traceback (most recent call last):
  None
PYTHONPATH:
  C:\Users\Marcin\PycharmProjects\automationpractice_robot\venv\Scripts\robot.exe
  C:\Users\Marcin\AppData\Local\Programs\Python\Python310\python310.zip
  C:\Users\Marcin\AppData\Local\Programs\Python\Python310\DLLs
  C:\Users\Marcin\AppData\Local\Programs\Python\Python310\lib
  C:\Users\Marcin\AppData\Local\Programs\Python\Python310
  C:\Users\Marcin\PycharmProjects\automationpractice_robot\venv
  C:\Users\Marcin\PycharmProjects\automationpractice_robot\venv\lib\site-packages</msg>
<msg timestamp="20220522 16:41:00.821" level="WARN">Multiple tests with name 'User login with an invalid email' executed in suite 'Registration Test'.</msg>
</errors>
</robot>
